[2022-03-29T04:41:48+00:00][error] Product not added due to following reason: <br>description is required<br>tags is required<br>price is required<br>stock is required
[2022-03-29T04:42:18+00:00][error] Product not added due to following reason: <br>name is required<br>description is required<br>tags is required<br>price is required<br>stock is required
[2022-03-29T04:44:41+00:00][error] Product not added due to following reason: <br>name is required<br>description is required<br>tags is required<br>price is required<br>stock is required
[2022-03-29T04:45:41+00:00][error] Product not added due to following reason: <br>description is required<br>tags is required<br>price is required<br>stock is required
[2022-03-29T05:35:55+00:00][error] Order not placed due to following reason: <br>name is required<br>description is required<br>tags is required<br>price is required<br>stock is required
[2022-03-29T06:53:05+00:00][error] Product not added due to following reason: <br>name is required<br>description is required<br>tags is required<br>price is required<br>stock is required
[2022-03-29T06:53:13+00:00][error] Product not added due to following reason: <br>description is required<br>tags is required<br>price is required<br>stock is required
[2022-03-29T11:00:23+00:00][error] Order not placed due to following reason: <br>zipcode is required
[2022-03-31T12:48:06+00:00][error] User not added due to following reason: <br>username is required<br>email is required<br>role is required
[2022-03-31T12:48:09+00:00][error] User not added due to following reason: <br>username is required<br>email is required<br>role is required
[2022-03-31T12:48:17+00:00][error] User not added due to following reason: <br>role is required
[2022-03-31T12:48:31+00:00][error] User not added due to following reason: <br>role is required
[2022-03-31T12:48:36+00:00][error] User not added due to following reason: <br>username is required<br>email is required<br>role is required
[2022-03-31T12:48:37+00:00][error] User not added due to following reason: <br>username is required<br>email is required<br>role is required
[2022-03-31T12:48:45+00:00][error] User not added due to following reason: <br>username is required<br>email is required<br>role is required
[2022-03-31T12:48:55+00:00][error] User not added due to following reason: <br>role is required
[2022-03-31T12:49:49+00:00][error] User not added due to following reason: <br>username is required<br>email is required<br>role_field is required
[2022-03-31T13:05:40+00:00][error] User not added due to following reason: <br>username is required<br>email is required<br>role_field is required
[2022-03-31T13:05:42+00:00][error] User not added due to following reason: <br>username is required<br>email is required<br>role_field is required
[2022-03-31T13:08:18+00:00][error] User not added due to following reason: <br>username is required<br>email is required
[2022-04-01T11:43:29+00:00][error] User not added due to following reason: <br>username is required<br>email is required
